{"/Users/tomokayamada/Desktop/unit-test/Unit-Testing_Practice/unit-testing/test_one/functions.js": {"path":"/Users/tomokayamada/Desktop/unit-test/Unit-Testing_Practice/unit-testing/test_one/functions.js","statementMap":{"0":{"start":{"line":1,"column":14},"end":{"line":1,"column":30}},"1":{"start":{"line":3,"column":18},"end":{"line":15,"column":1}},"2":{"start":{"line":4,"column":24},"end":{"line":4,"column":35}},"3":{"start":{"line":5,"column":25},"end":{"line":5,"column":36}},"4":{"start":{"line":7,"column":21},"end":{"line":7,"column":41}},"5":{"start":{"line":8,"column":8},"end":{"line":8,"column":34}},"6":{"start":{"line":9,"column":8},"end":{"line":9,"column":19}},"7":{"start":{"line":12,"column":20},"end":{"line":14,"column":30}},"8":{"start":{"line":13,"column":21},"end":{"line":13,"column":29}},"9":{"start":{"line":14,"column":22},"end":{"line":14,"column":29}},"10":{"start":{"line":18,"column":0},"end":{"line":18,"column":27}}},"fnMap":{"0":{"name":"(anonymous_0)","decl":{"start":{"line":4,"column":9},"end":{"line":4,"column":10}},"loc":{"start":{"line":4,"column":24},"end":{"line":4,"column":35}},"line":4},"1":{"name":"(anonymous_1)","decl":{"start":{"line":5,"column":10},"end":{"line":5,"column":11}},"loc":{"start":{"line":5,"column":25},"end":{"line":5,"column":36}},"line":5},"2":{"name":"(anonymous_2)","decl":{"start":{"line":6,"column":16},"end":{"line":6,"column":17}},"loc":{"start":{"line":6,"column":22},"end":{"line":10,"column":5}},"line":6},"3":{"name":"(anonymous_3)","decl":{"start":{"line":12,"column":15},"end":{"line":12,"column":16}},"loc":{"start":{"line":12,"column":20},"end":{"line":14,"column":30}},"line":12},"4":{"name":"(anonymous_4)","decl":{"start":{"line":13,"column":14},"end":{"line":13,"column":15}},"loc":{"start":{"line":13,"column":21},"end":{"line":13,"column":29}},"line":13},"5":{"name":"(anonymous_5)","decl":{"start":{"line":14,"column":15},"end":{"line":14,"column":16}},"loc":{"start":{"line":14,"column":22},"end":{"line":14,"column":29}},"line":14}},"branchMap":{},"s":{"0":1,"1":1,"2":6,"3":4,"4":1,"5":1,"6":1,"7":2,"8":2,"9":0,"10":1},"f":{"0":6,"1":4,"2":1,"3":2,"4":2,"5":0},"b":{},"_coverageSchema":"332fd63041d2c1bcb487cc26dd0d5f7d97098a6c","hash":"ef0454a8815819e4eadb1a555d1708280d575ae1"}
}
